<?xml version="1.0" encoding="UTF-8"?>
<!-- Generated by org.testng.reporters.JUnitReportReporter -->
<testsuite hostname="SANJEEVPF1NJJBV" failures="0" tests="2" name="com.plateiq.tests.FlightsTest" time="1.529" errors="1" timestamp="28 May 2021 10:00:59 GMT" skipped="1">
  <testcase classname="com.plateiq.tests.FlightsTest" name="bookRoundTrip" time="0.000">
    <skipped/>
  </testcase> <!-- bookRoundTrip -->
  <testcase classname="com.plateiq.tests.FlightsTest" name="setUp" time="1.529">
    <error message="session not created: This version of ChromeDriver only supports Chrome version 79
Build info: version: &#039;3.141.5&#039;, revision: &#039;d54ebd709a&#039;, time: &#039;2018-11-06T11:42:16&#039;
System info: host: &#039;SANJEEVPF1NJJBV&#039;, ip: &#039;10.0.75.1&#039;, os.name: &#039;Windows 10&#039;, os.arch: &#039;amd64&#039;, os.version: &#039;10.0&#039;, java.version: &#039;13.0.1&#039;
Driver info: driver.version: ChromeDriver
remote stacktrace: Backtrace:
	Ordinal0 [0x00AEA113+1548563]
	Ordinal0 [0x00A6DDA1+1039777]
	Ordinal0 [0x009EE485+517253]
	Ordinal0 [0x0097FD34+64820]
	Ordinal0 [0x0097C61E+50718]
	Ordinal0 [0x0099B797+178071]
	Ordinal0 [0x0099B59D+177565]
	Ordinal0 [0x009995FB+169467]
	Ordinal0 [0x0098160A+71178]
	Ordinal0 [0x00982690+75408]
	Ordinal0 [0x00982629+75305]
	Ordinal0 [0x00A871B7+1143223]
	GetHandleVerifier [0x00B82B46+507814]
	GetHandleVerifier [0x00B82864+507076]
	GetHandleVerifier [0x00B89F47+537511]
	GetHandleVerifier [0x00B83402+510050]
	Ordinal0 [0x00A7F29C+1110684]
	Ordinal0 [0x00A8938B+1151883]
	Ordinal0 [0x00A894F3+1152243]
	Ordinal0 [0x00A883F5+1147893]
	BaseThreadInitThunk [0x768E6359+25]
	RtlGetAppContainerNamedObjectPath [0x77BA87A4+228]
	RtlGetAppContainerNamedObjectPath [0x77BA8774+180]
" type="org.openqa.selenium.SessionNotCreatedException">
      <![CDATA[org.openqa.selenium.SessionNotCreatedException: session not created: This version of ChromeDriver only supports Chrome version 79
Build info: version: '3.141.5', revision: 'd54ebd709a', time: '2018-11-06T11:42:16'
System info: host: 'SANJEEVPF1NJJBV', ip: '10.0.75.1', os.name: 'Windows 10', os.arch: 'amd64', os.version: '10.0', java.version: '13.0.1'
Driver info: driver.version: ChromeDriver
remote stacktrace: Backtrace:
Ordinal0 [0x00AEA113+1548563]
Ordinal0 [0x00A6DDA1+1039777]
Ordinal0 [0x009EE485+517253]
Ordinal0 [0x0097FD34+64820]
Ordinal0 [0x0097C61E+50718]
Ordinal0 [0x0099B797+178071]
Ordinal0 [0x0099B59D+177565]
Ordinal0 [0x009995FB+169467]
Ordinal0 [0x0098160A+71178]
Ordinal0 [0x00982690+75408]
Ordinal0 [0x00982629+75305]
Ordinal0 [0x00A871B7+1143223]
GetHandleVerifier [0x00B82B46+507814]
GetHandleVerifier [0x00B82864+507076]
GetHandleVerifier [0x00B89F47+537511]
GetHandleVerifier [0x00B83402+510050]
Ordinal0 [0x00A7F29C+1110684]
Ordinal0 [0x00A8938B+1151883]
Ordinal0 [0x00A894F3+1152243]
Ordinal0 [0x00A883F5+1147893]
BaseThreadInitThunk [0x768E6359+25]
RtlGetAppContainerNamedObjectPath [0x77BA87A4+228]
RtlGetAppContainerNamedObjectPath [0x77BA8774+180]

at java.base/jdk.internal.reflect.NativeConstructorAccessorImpl.newInstance0(Native Method)
at java.base/jdk.internal.reflect.NativeConstructorAccessorImpl.newInstance(NativeConstructorAccessorImpl.java:62)
at java.base/jdk.internal.reflect.DelegatingConstructorAccessorImpl.newInstance(DelegatingConstructorAccessorImpl.java:45)
at java.base/java.lang.reflect.Constructor.newInstanceWithCaller(Constructor.java:500)
at java.base/java.lang.reflect.Constructor.newInstance(Constructor.java:481)
at org.openqa.selenium.remote.W3CHandshakeResponse.lambda$errorHandler$0(W3CHandshakeResponse.java:62)
at org.openqa.selenium.remote.HandshakeResponse.lambda$getResponseFunction$0(HandshakeResponse.java:30)
at org.openqa.selenium.remote.ProtocolHandshake.lambda$createSession$0(ProtocolHandshake.java:123)
at java.base/java.util.stream.ReferencePipeline$3$1.accept(ReferencePipeline.java:195)
at java.base/java.util.Spliterators$ArraySpliterator.tryAdvance(Spliterators.java:958)
at java.base/java.util.stream.ReferencePipeline.forEachWithCancel(ReferencePipeline.java:127)
at java.base/java.util.stream.AbstractPipeline.copyIntoWithCancel(AbstractPipeline.java:502)
at java.base/java.util.stream.AbstractPipeline.copyInto(AbstractPipeline.java:488)
at java.base/java.util.stream.AbstractPipeline.wrapAndCopyInto(AbstractPipeline.java:474)
at java.base/java.util.stream.FindOps$FindOp.evaluateSequential(FindOps.java:150)
at java.base/java.util.stream.AbstractPipeline.evaluate(AbstractPipeline.java:234)
at java.base/java.util.stream.ReferencePipeline.findFirst(ReferencePipeline.java:543)
at org.openqa.selenium.remote.ProtocolHandshake.createSession(ProtocolHandshake.java:125)
at org.openqa.selenium.remote.ProtocolHandshake.createSession(ProtocolHandshake.java:74)
at org.openqa.selenium.remote.HttpCommandExecutor.execute(HttpCommandExecutor.java:136)
at org.openqa.selenium.remote.service.DriverCommandExecutor.execute(DriverCommandExecutor.java:83)
at org.openqa.selenium.remote.RemoteWebDriver.execute(RemoteWebDriver.java:552)
at org.openqa.selenium.remote.RemoteWebDriver.startSession(RemoteWebDriver.java:213)
at org.openqa.selenium.remote.RemoteWebDriver.<init>(RemoteWebDriver.java:131)
at org.openqa.selenium.chrome.ChromeDriver.<init>(ChromeDriver.java:181)
at org.openqa.selenium.chrome.ChromeDriver.<init>(ChromeDriver.java:168)
at org.openqa.selenium.chrome.ChromeDriver.<init>(ChromeDriver.java:123)
at com.plateiq.base.Base.setUp(Base.java:48)
at java.base/jdk.internal.reflect.NativeMethodAccessorImpl.invoke0(Native Method)
at java.base/jdk.internal.reflect.NativeMethodAccessorImpl.invoke(NativeMethodAccessorImpl.java:62)
at java.base/jdk.internal.reflect.DelegatingMethodAccessorImpl.invoke(DelegatingMethodAccessorImpl.java:43)
at java.base/java.lang.reflect.Method.invoke(Method.java:567)
at org.testng.internal.MethodInvocationHelper.invokeMethod(MethodInvocationHelper.java:124)
at org.testng.internal.MethodInvocationHelper.invokeMethodConsideringTimeout(MethodInvocationHelper.java:59)
at org.testng.internal.Invoker.invokeConfigurationMethod(Invoker.java:458)
at org.testng.internal.Invoker.invokeConfigurations(Invoker.java:222)
at org.testng.internal.Invoker.invokeConfigurations(Invoker.java:142)
at org.testng.internal.TestMethodWorker.invokeBeforeClassMethods(TestMethodWorker.java:168)
at org.testng.internal.TestMethodWorker.run(TestMethodWorker.java:105)
at org.testng.TestRunner.privateRun(TestRunner.java:648)
at org.testng.TestRunner.run(TestRunner.java:505)
at org.testng.SuiteRunner.runTest(SuiteRunner.java:455)
at org.testng.SuiteRunner.runSequentially(SuiteRunner.java:450)
at org.testng.SuiteRunner.privateRun(SuiteRunner.java:415)
at org.testng.SuiteRunner.run(SuiteRunner.java:364)
at org.testng.SuiteRunnerWorker.runSuite(SuiteRunnerWorker.java:52)
at org.testng.SuiteRunnerWorker.run(SuiteRunnerWorker.java:84)
at org.testng.TestNG.runSuitesSequentially(TestNG.java:1208)
at org.testng.TestNG.runSuitesLocally(TestNG.java:1137)
at org.testng.TestNG.runSuites(TestNG.java:1049)
at org.testng.TestNG.run(TestNG.java:1017)
at org.testng.remote.AbstractRemoteTestNG.run(AbstractRemoteTestNG.java:115)
at org.testng.remote.RemoteTestNG.initAndRun(RemoteTestNG.java:251)
at org.testng.remote.RemoteTestNG.main(RemoteTestNG.java:77)
]]>
    </error>
  </testcase> <!-- setUp -->
</testsuite> <!-- com.plateiq.tests.FlightsTest -->
